[2018-08-07 15:55:51] local.ERROR: PDOException: SQLSTATE[23000]: Integrity constraint violation: 1048 Column 'story1_title' cannot be null in /var/www/html/bwcms/vendor/laravel/framework/src/Illuminate/Database/Connection.php:380
Stack trace:
#0 /var/www/html/bwcms/vendor/laravel/framework/src/Illuminate/Database/Connection.php(380): PDOStatement->execute(Array)
#1 /var/www/html/bwcms/vendor/laravel/framework/src/Illuminate/Database/Connection.php(624): Illuminate\Database\Connection->Illuminate\Database\{closure}(Object(Illuminate\Database\MySqlConnection), 'insert into `ma...', Array)
#2 /var/www/html/bwcms/vendor/laravel/framework/src/Illuminate/Database/Connection.php(591): Illuminate\Database\Connection->runQueryCallback('insert into `ma...', Array, Object(Closure))
#3 /var/www/html/bwcms/vendor/laravel/framework/src/Illuminate/Database/Connection.php(381): Illuminate\Database\Connection->run('insert into `ma...', Array, Object(Closure))
#4 /var/www/html/bwcms/vendor/laravel/framework/src/Illuminate/Database/Connection.php(337): Illuminate\Database\Connection->statement('insert into `ma...', Array)
#5 /var/www/html/bwcms/vendor/laravel/framework/src/Illuminate/Database/Query/Processors/Processor.php(32): Illuminate\Database\Connection->insert('insert into `ma...', Array)
#6 /var/www/html/bwcms/vendor/laravel/framework/src/Illuminate/Database/Query/Builder.php(1735): Illuminate\Database\Query\Processors\Processor->processInsertGetId(Object(Illuminate\Database\Query\Builder), 'insert into `ma...', Array, 'id')
#7 [internal function]: Illuminate\Database\Query\Builder->insertGetId(Array, 'id')
#8 /var/www/html/bwcms/vendor/laravel/framework/src/Illuminate/Database/Eloquent/Builder.php(940): call_user_func_array(Array, Array)
#9 /var/www/html/bwcms/vendor/laravel/framework/src/Illuminate/Database/Eloquent/Model.php(1584): Illuminate\Database\Eloquent\Builder->__call('insertGetId', Array)
#10 /var/www/html/bwcms/vendor/laravel/framework/src/Illuminate/Database/Eloquent/Model.php(1555): Illuminate\Database\Eloquent\Model->insertAndSetId(Object(Illuminate\Database\Eloquent\Builder), Array)
#11 /var/www/html/bwcms/vendor/laravel/framework/src/Illuminate/Database/Eloquent/Model.php(1461): Illuminate\Database\Eloquent\Model->performInsert(Object(Illuminate\Database\Eloquent\Builder), Array)
#12 /var/www/html/bwcms/app/Http/Controllers/MagazineissueController.php(127): Illuminate\Database\Eloquent\Model->save()
#13 [internal function]: App\Http\Controllers\MagazineissueController->store(Object(Illuminate\Http\Request))
#14 /var/www/html/bwcms/vendor/laravel/framework/src/Illuminate/Routing/Controller.php(256): call_user_func_array(Array, Array)
#15 /var/www/html/bwcms/vendor/laravel/framework/src/Illuminate/Routing/ControllerDispatcher.php(164): Illuminate\Routing\Controller->callAction('store', Array)
#16 /var/www/html/bwcms/vendor/laravel/framework/src/Illuminate/Routing/ControllerDispatcher.php(112): Illuminate\Routing\ControllerDispatcher->call(Object(App\Http\Controllers\MagazineissueController), Object(Illuminate\Routing\Route), 'store')
#17 [internal function]: Illuminate\Routing\ControllerDispatcher->Illuminate\Routing\{closure}(Object(Illuminate\Http\Request))
#18 /var/www/html/bwcms/vendor/laravel/framework/src/Illuminate/Pipeline/Pipeline.php(142): call_user_func(Object(Closure), Object(Illuminate\Http\Request))
#19 /var/www/html/bwcms/app/Http/Middleware/Authenticate.php(70): Illuminate\Pipeline\Pipeline->Illuminate\Pipeline\{closure}(Object(Illuminate\Http\Request))
#20 [internal function]: App\Http\Middleware\Authenticate->handle(Object(Illuminate\Http\Request), Object(Closure))
#21 /var/www/html/bwcms/vendor/laravel/framework/src/Illuminate/Pipeline/Pipeline.php(127): call_user_func_array(Array, Array)
#22 [internal function]: Illuminate\Pipeline\Pipeline->Illuminate\Pipeline\{closure}(Object(Illuminate\Http\Request))
#23 /var/www/html/bwcms/vendor/laravel/framework/src/Illuminate/Pipeline/Pipeline.php(105): call_user_func(Object(Closure), Object(Illuminate\Http\Request))
#24 /var/www/html/bwcms/vendor/laravel/framework/src/Illuminate/Routing/ControllerDispatcher.php(114): Illuminate\Pipeline\Pipeline->then(Object(Closure))
#25 /var/www/html/bwcms/vendor/laravel/framework/src/Illuminate/Routing/ControllerDispatcher.php(68): Illuminate\Routing\ControllerDispatcher->callWithinStack(Object(App\Http\Controllers\MagazineissueController), Object(Illuminate\Routing\Route), Object(Illuminate\Http\Request), 'store')
#26 /var/www/html/bwcms/vendor/laravel/framework/src/Illuminate/Routing/Route.php(201): Illuminate\Routing\ControllerDispatcher->dispatch(Object(Illuminate\Routing\Route), Object(Illuminate\Http\Request), 'App\\Http\\Contro...', 'store')
#27 /var/www/html/bwcms/vendor/laravel/framework/src/Illuminate/Routing/Route.php(134): Illuminate\Routing\Route->runWithCustomDispatcher(Object(Illuminate\Http\Request))
#28 /var/www/html/bwcms/vendor/laravel/framework/src/Illuminate/Routing/Router.php(704): Illuminate\Routing\Route->run(Object(Illuminate\Http\Request))
#29 [internal function]: Illuminate\Routing\Router->Illuminate\Routing\{closure}(Object(Illuminate\Http\Request))
#30 /var/www/html/bwcms/vendor/laravel/framework/src/Illuminate/Pipeline/Pipeline.php(142): call_user_func(Object(Closure), Object(Illuminate\Http\Request))
#31 /var/www/html/bwcms/app/Http/Middleware/Authenticate.php(70): Illuminate\Pipeline\Pipeline->Illuminate\Pipeline\{closure}(Object(Illuminate\Http\Request))
#32 [internal function]: App\Http\Middleware\Authenticate->handle(Object(Illuminate\Http\Request), Object(Closure))
#33 /var/www/html/bwcms/vendor/laravel/framework/src/Illuminate/Pipeline/Pipeline.php(127): call_user_func_array(Array, Array)
#34 [internal function]: Illuminate\Pipeline\Pipeline->Illuminate\Pipeline\{closure}(Object(Illuminate\Http\Request))
#35 /var/www/html/bwcms/vendor/laravel/framework/src/Illuminate/Pipeline/Pipeline.php(105): call_user_func(Object(Closure), Object(Illuminate\Http\Request))
#36 /var/www/html/bwcms/vendor/laravel/framework/src/Illuminate/Routing/Router.php(706): Illuminate\Pipeline\Pipeline->then(Object(Closure))
#37 /var/www/html/bwcms/vendor/laravel/framework/src/Illuminate/Routing/Router.php(670): Illuminate\Routing\Router->runRouteWithinStack(Object(Illuminate\Routing\Route), Object(Illuminate\Http\Request))
#38 /var/www/html/bwcms/vendor/laravel/framework/src/Illuminate/Routing/Router.php(631): Illuminate\Routing\Router->dispatchToRoute(Object(Illuminate\Http\Request))
#39 /var/www/html/bwcms/vendor/laravel/framework/src/Illuminate/Foundation/Http/Kernel.php(229): Illuminate\Routing\Router->dispatch(Object(Illuminate\Http\Request))
#40 [internal function]: Illuminate\Foundation\Http\Kernel->Illuminate\Foundation\Http\{closure}(Object(Illuminate\Http\Request))
#41 /var/www/html/bwcms/vendor/laravel/framework/src/Illuminate/Pipeline/Pipeline.php(142): call_user_func(Object(Closure), Object(Illuminate\Http\Request))
#42 /var/www/html/bwcms/app/Http/Middleware/LogoutIfSessionExpired.php(31): Illuminate\Pipeline\Pipeline->Illuminate\Pipeline\{closure}(Object(Illuminate\Http\Request))
#43 [internal function]: App\Http\Middleware\LogoutIfSessionExpired->handle(Object(Illuminate\Http\Request), Object(Closure))
#44 /var/www/html/bwcms/vendor/laravel/framework/src/Illuminate/Pipeline/Pipeline.php(127): call_user_func_array(Array, Array)
#45 /var/www/html/bwcms/vendor/laravel/framework/src/Illuminate/Foundation/Http/Middleware/VerifyCsrfToken.php(50): Illuminate\Pipeline\Pipeline->Illuminate\Pipeline\{closure}(Object(Illuminate\Http\Request))
#46 /var/www/html/bwcms/app/Http/Middleware/VerifyCsrfToken.php(31): Illuminate\Foundation\Http\Middleware\VerifyCsrfToken->handle(Object(Illuminate\Http\Request), Object(Closure))
#47 [internal function]: App\Http\Middleware\VerifyCsrfToken->handle(Object(Illuminate\Http\Request), Object(Closure))
#48 /var/www/html/bwcms/vendor/laravel/framework/src/Illuminate/Pipeline/Pipeline.php(127): call_user_func_array(Array, Array)
#49 /var/www/html/bwcms/vendor/laravel/framework/src/Illuminate/View/Middleware/ShareErrorsFromSession.php(54): Illuminate\Pipeline\Pipeline->Illuminate\Pipeline\{closure}(Object(Illuminate\Http\Request))
#50 [internal function]: Illuminate\View\Middleware\ShareErrorsFromSession->handle(Object(Illuminate\Http\Request), Object(Closure))
#51 /var/www/html/bwcms/vendor/laravel/framework/src/Illuminate/Pipeline/Pipeline.php(127): call_user_func_array(Array, Array)
#52 /var/www/html/bwcms/vendor/laravel/framework/src/Illuminate/Session/Middleware/StartSession.php(62): Illuminate\Pipeline\Pipeline->Illuminate\Pipeline\{closure}(Object(Illuminate\Http\Request))
#53 [internal function]: Illuminate\Session\Middleware\StartSession->handle(Object(Illuminate\Http\Request), Object(Closure))
#54 /var/www/html/bwcms/vendor/laravel/framework/src/Illuminate/Pipeline/Pipeline.php(127): call_user_func_array(Array, Array)
#55 /var/www/html/bwcms/vendor/laravel/framework/src/Illuminate/Cookie/Middleware/AddQueuedCookiesToResponse.php(37): Illuminate\Pipeline\Pipeline->Illuminate\Pipeline\{closure}(Object(Illuminate\Http\Request))
#56 [internal function]: Illuminate\Cookie\Middleware\AddQueuedCookiesToResponse->handle(Object(Illuminate\Http\Request), Object(Closure))
#57 /var/www/html/bwcms/vendor/laravel/framework/src/Illuminate/Pipeline/Pipeline.php(127): call_user_func_array(Array, Array)
#58 /var/www/html/bwcms/vendor/laravel/framework/src/Illuminate/Cookie/Middleware/EncryptCookies.php(59): Illuminate\Pipeline\Pipeline->Illuminate\Pipeline\{closure}(Object(Illuminate\Http\Request))
#59 [internal function]: Illuminate\Cookie\Middleware\EncryptCookies->handle(Object(Illuminate\Http\Request), Object(Closure))
#60 /var/www/html/bwcms/vendor/laravel/framework/src/Illuminate/Pipeline/Pipeline.php(127): call_user_func_array(Array, Array)
#61 /var/www/html/bwcms/vendor/laravel/framework/src/Illuminate/Foundation/Http/Middleware/CheckForMaintenanceMode.php(42): Illuminate\Pipeline\Pipeline->Illuminate\Pipeline\{closure}(Object(Illuminate\Http\Request))
#62 [internal function]: Illuminate\Foundation\Http\Middleware\CheckForMaintenanceMode->handle(Object(Illuminate\Http\Request), Object(Closure))
#63 /var/www/html/bwcms/vendor/laravel/framework/src/Illuminate/Pipeline/Pipeline.php(127): call_user_func_array(Array, Array)
#64 [internal function]: Illuminate\Pipeline\Pipeline->Illuminate\Pipeline\{closure}(Object(Illuminate\Http\Request))
#65 /var/www/html/bwcms/vendor/laravel/framework/src/Illuminate/Pipeline/Pipeline.php(105): call_user_func(Object(Closure), Object(Illuminate\Http\Request))
#66 /var/www/html/bwcms/vendor/laravel/framework/src/Illuminate/Foundation/Http/Kernel.php(118): Illuminate\Pipeline\Pipeline->then(Object(Closure))
#67 /var/www/html/bwcms/vendor/laravel/framework/src/Illuminate/Foundation/Http/Kernel.php(86): Illuminate\Foundation\Http\Kernel->sendRequestThroughRouter(Object(Illuminate\Http\Request))
#68 /var/www/html/bwcms/public/index.php(52): Illuminate\Foundation\Http\Kernel->handle(Object(Illuminate\Http\Request))
#69 {main}

Next Illuminate\Database\QueryException: SQLSTATE[23000]: Integrity constraint violation: 1048 Column 'story1_title' cannot be null (SQL: insert into `magazine` (`title`, `channel_id`, `imagepath`, `publish_date_m`, `story1_title`, `story1_url`, `story2_title`, `story2_url`, `story3_title`, `story3_url`, `story4_title`, `story4_url`, `story5_title`, `story5_url`, `flipbook_url`, `buy_digital`, `valid`, `updated_at`, `created_at`) values (dfdf fdfd fd fd fd, 1, CB5ZFJ_hr3.png, 2018-08-02, , , , , , , , , , , , , 1, 2018-08-07 15:55:51, 2018-08-07 15:55:51)) in /var/www/html/bwcms/vendor/laravel/framework/src/Illuminate/Database/Connection.php:631
Stack trace:
#0 /var/www/html/bwcms/vendor/laravel/framework/src/Illuminate/Database/Connection.php(591): Illuminate\Database\Connection->runQueryCallback('insert into `ma...', Array, Object(Closure))
#1 /var/www/html/bwcms/vendor/laravel/framework/src/Illuminate/Database/Connection.php(381): Illuminate\Database\Connection->run('insert into `ma...', Array, Object(Closure))
#2 /var/www/html/bwcms/vendor/laravel/framework/src/Illuminate/Database/Connection.php(337): Illuminate\Database\Connection->statement('insert into `ma...', Array)
#3 /var/www/html/bwcms/vendor/laravel/framework/src/Illuminate/Database/Query/Processors/Processor.php(32): Illuminate\Database\Connection->insert('insert into `ma...', Array)
#4 /var/www/html/bwcms/vendor/laravel/framework/src/Illuminate/Database/Query/Builder.php(1735): Illuminate\Database\Query\Processors\Processor->processInsertGetId(Object(Illuminate\Database\Query\Builder), 'insert into `ma...', Array, 'id')
#5 [internal function]: Illuminate\Database\Query\Builder->insertGetId(Array, 'id')
#6 /var/www/html/bwcms/vendor/laravel/framework/src/Illuminate/Database/Eloquent/Builder.php(940): call_user_func_array(Array, Array)
#7 /var/www/html/bwcms/vendor/laravel/framework/src/Illuminate/Database/Eloquent/Model.php(1584): Illuminate\Database\Eloquent\Builder->__call('insertGetId', Array)
#8 /var/www/html/bwcms/vendor/laravel/framework/src/Illuminate/Database/Eloquent/Model.php(1555): Illuminate\Database\Eloquent\Model->insertAndSetId(Object(Illuminate\Database\Eloquent\Builder), Array)
#9 /var/www/html/bwcms/vendor/laravel/framework/src/Illuminate/Database/Eloquent/Model.php(1461): Illuminate\Database\Eloquent\Model->performInsert(Object(Illuminate\Database\Eloquent\Builder), Array)
#10 /var/www/html/bwcms/app/Http/Controllers/MagazineissueController.php(127): Illuminate\Database\Eloquent\Model->save()
#11 [internal function]: App\Http\Controllers\MagazineissueController->store(Object(Illuminate\Http\Request))
#12 /var/www/html/bwcms/vendor/laravel/framework/src/Illuminate/Routing/Controller.php(256): call_user_func_array(Array, Array)
#13 /var/www/html/bwcms/vendor/laravel/framework/src/Illuminate/Routing/ControllerDispatcher.php(164): Illuminate\Routing\Controller->callAction('store', Array)
#14 /var/www/html/bwcms/vendor/laravel/framework/src/Illuminate/Routing/ControllerDispatcher.php(112): Illuminate\Routing\ControllerDispatcher->call(Object(App\Http\Controllers\MagazineissueController), Object(Illuminate\Routing\Route), 'store')
#15 [internal function]: Illuminate\Routing\ControllerDispatcher->Illuminate\Routing\{closure}(Object(Illuminate\Http\Request))
#16 /var/www/html/bwcms/vendor/laravel/framework/src/Illuminate/Pipeline/Pipeline.php(142): call_user_func(Object(Closure), Object(Illuminate\Http\Request))
#17 /var/www/html/bwcms/app/Http/Middleware/Authenticate.php(70): Illuminate\Pipeline\Pipeline->Illuminate\Pipeline\{closure}(Object(Illuminate\Http\Request))
#18 [internal function]: App\Http\Middleware\Authenticate->handle(Object(Illuminate\Http\Request), Object(Closure))
#19 /var/www/html/bwcms/vendor/laravel/framework/src/Illuminate/Pipeline/Pipeline.php(127): call_user_func_array(Array, Array)
#20 [internal function]: Illuminate\Pipeline\Pipeline->Illuminate\Pipeline\{closure}(Object(Illuminate\Http\Request))
#21 /var/www/html/bwcms/vendor/laravel/framework/src/Illuminate/Pipeline/Pipeline.php(105): call_user_func(Object(Closure), Object(Illuminate\Http\Request))
#22 /var/www/html/bwcms/vendor/laravel/framework/src/Illuminate/Routing/ControllerDispatcher.php(114): Illuminate\Pipeline\Pipeline->then(Object(Closure))
#23 /var/www/html/bwcms/vendor/laravel/framework/src/Illuminate/Routing/ControllerDispatcher.php(68): Illuminate\Routing\ControllerDispatcher->callWithinStack(Object(App\Http\Controllers\MagazineissueController), Object(Illuminate\Routing\Route), Object(Illuminate\Http\Request), 'store')
#24 /var/www/html/bwcms/vendor/laravel/framework/src/Illuminate/Routing/Route.php(201): Illuminate\Routing\ControllerDispatcher->dispatch(Object(Illuminate\Routing\Route), Object(Illuminate\Http\Request), 'App\\Http\\Contro...', 'store')
#25 /var/www/html/bwcms/vendor/laravel/framework/src/Illuminate/Routing/Route.php(134): Illuminate\Routing\Route->runWithCustomDispatcher(Object(Illuminate\Http\Request))
#26 /var/www/html/bwcms/vendor/laravel/framework/src/Illuminate/Routing/Router.php(704): Illuminate\Routing\Route->run(Object(Illuminate\Http\Request))
#27 [internal function]: Illuminate\Routing\Router->Illuminate\Routing\{closure}(Object(Illuminate\Http\Request))
#28 /var/www/html/bwcms/vendor/laravel/framework/src/Illuminate/Pipeline/Pipeline.php(142): call_user_func(Object(Closure), Object(Illuminate\Http\Request))
#29 /var/www/html/bwcms/app/Http/Middleware/Authenticate.php(70): Illuminate\Pipeline\Pipeline->Illuminate\Pipeline\{closure}(Object(Illuminate\Http\Request))
#30 [internal function]: App\Http\Middleware\Authenticate->handle(Object(Illuminate\Http\Request), Object(Closure))
#31 /var/www/html/bwcms/vendor/laravel/framework/src/Illuminate/Pipeline/Pipeline.php(127): call_user_func_array(Array, Array)
#32 [internal function]: Illuminate\Pipeline\Pipeline->Illuminate\Pipeline\{closure}(Object(Illuminate\Http\Request))
#33 /var/www/html/bwcms/vendor/laravel/framework/src/Illuminate/Pipeline/Pipeline.php(105): call_user_func(Object(Closure), Object(Illuminate\Http\Request))
#34 /var/www/html/bwcms/vendor/laravel/framework/src/Illuminate/Routing/Router.php(706): Illuminate\Pipeline\Pipeline->then(Object(Closure))
#35 /var/www/html/bwcms/vendor/laravel/framework/src/Illuminate/Routing/Router.php(670): Illuminate\Routing\Router->runRouteWithinStack(Object(Illuminate\Routing\Route), Object(Illuminate\Http\Request))
#36 /var/www/html/bwcms/vendor/laravel/framework/src/Illuminate/Routing/Router.php(631): Illuminate\Routing\Router->dispatchToRoute(Object(Illuminate\Http\Request))
#37 /var/www/html/bwcms/vendor/laravel/framework/src/Illuminate/Foundation/Http/Kernel.php(229): Illuminate\Routing\Router->dispatch(Object(Illuminate\Http\Request))
#38 [internal function]: Illuminate\Foundation\Http\Kernel->Illuminate\Foundation\Http\{closure}(Object(Illuminate\Http\Request))
#39 /var/www/html/bwcms/vendor/laravel/framework/src/Illuminate/Pipeline/Pipeline.php(142): call_user_func(Object(Closure), Object(Illuminate\Http\Request))
#40 /var/www/html/bwcms/app/Http/Middleware/LogoutIfSessionExpired.php(31): Illuminate\Pipeline\Pipeline->Illuminate\Pipeline\{closure}(Object(Illuminate\Http\Request))
#41 [internal function]: App\Http\Middleware\LogoutIfSessionExpired->handle(Object(Illuminate\Http\Request), Object(Closure))
#42 /var/www/html/bwcms/vendor/laravel/framework/src/Illuminate/Pipeline/Pipeline.php(127): call_user_func_array(Array, Array)
#43 /var/www/html/bwcms/vendor/laravel/framework/src/Illuminate/Foundation/Http/Middleware/VerifyCsrfToken.php(50): Illuminate\Pipeline\Pipeline->Illuminate\Pipeline\{closure}(Object(Illuminate\Http\Request))
#44 /var/www/html/bwcms/app/Http/Middleware/VerifyCsrfToken.php(31): Illuminate\Foundation\Http\Middleware\VerifyCsrfToken->handle(Object(Illuminate\Http\Request), Object(Closure))
#45 [internal function]: App\Http\Middleware\VerifyCsrfToken->handle(Object(Illuminate\Http\Request), Object(Closure))
#46 /var/www/html/bwcms/vendor/laravel/framework/src/Illuminate/Pipeline/Pipeline.php(127): call_user_func_array(Array, Array)
#47 /var/www/html/bwcms/vendor/laravel/framework/src/Illuminate/View/Middleware/ShareErrorsFromSession.php(54): Illuminate\Pipeline\Pipeline->Illuminate\Pipeline\{closure}(Object(Illuminate\Http\Request))
#48 [internal function]: Illuminate\View\Middleware\ShareErrorsFromSession->handle(Object(Illuminate\Http\Request), Object(Closure))
#49 /var/www/html/bwcms/vendor/laravel/framework/src/Illuminate/Pipeline/Pipeline.php(127): call_user_func_array(Array, Array)
#50 /var/www/html/bwcms/vendor/laravel/framework/src/Illuminate/Session/Middleware/StartSession.php(62): Illuminate\Pipeline\Pipeline->Illuminate\Pipeline\{closure}(Object(Illuminate\Http\Request))
#51 [internal function]: Illuminate\Session\Middleware\StartSession->handle(Object(Illuminate\Http\Request), Object(Closure))
#52 /var/www/html/bwcms/vendor/laravel/framework/src/Illuminate/Pipeline/Pipeline.php(127): call_user_func_array(Array, Array)
#53 /var/www/html/bwcms/vendor/laravel/framework/src/Illuminate/Cookie/Middleware/AddQueuedCookiesToResponse.php(37): Illuminate\Pipeline\Pipeline->Illuminate\Pipeline\{closure}(Object(Illuminate\Http\Request))
#54 [internal function]: Illuminate\Cookie\Middleware\AddQueuedCookiesToResponse->handle(Object(Illuminate\Http\Request), Object(Closure))
#55 /var/www/html/bwcms/vendor/laravel/framework/src/Illuminate/Pipeline/Pipeline.php(127): call_user_func_array(Array, Array)
#56 /var/www/html/bwcms/vendor/laravel/framework/src/Illuminate/Cookie/Middleware/EncryptCookies.php(59): Illuminate\Pipeline\Pipeline->Illuminate\Pipeline\{closure}(Object(Illuminate\Http\Request))
#57 [internal function]: Illuminate\Cookie\Middleware\EncryptCookies->handle(Object(Illuminate\Http\Request), Object(Closure))
#58 /var/www/html/bwcms/vendor/laravel/framework/src/Illuminate/Pipeline/Pipeline.php(127): call_user_func_array(Array, Array)
#59 /var/www/html/bwcms/vendor/laravel/framework/src/Illuminate/Foundation/Http/Middleware/CheckForMaintenanceMode.php(42): Illuminate\Pipeline\Pipeline->Illuminate\Pipeline\{closure}(Object(Illuminate\Http\Request))
#60 [internal function]: Illuminate\Foundation\Http\Middleware\CheckForMaintenanceMode->handle(Object(Illuminate\Http\Request), Object(Closure))
#61 /var/www/html/bwcms/vendor/laravel/framework/src/Illuminate/Pipeline/Pipeline.php(127): call_user_func_array(Array, Array)
#62 [internal function]: Illuminate\Pipeline\Pipeline->Illuminate\Pipeline\{closure}(Object(Illuminate\Http\Request))
#63 /var/www/html/bwcms/vendor/laravel/framework/src/Illuminate/Pipeline/Pipeline.php(105): call_user_func(Object(Closure), Object(Illuminate\Http\Request))
#64 /var/www/html/bwcms/vendor/laravel/framework/src/Illuminate/Foundation/Http/Kernel.php(118): Illuminate\Pipeline\Pipeline->then(Object(Closure))
#65 /var/www/html/bwcms/vendor/laravel/framework/src/Illuminate/Foundation/Http/Kernel.php(86): Illuminate\Foundation\Http\Kernel->sendRequestThroughRouter(Object(Illuminate\Http\Request))
#66 /var/www/html/bwcms/public/index.php(52): Illuminate\Foundation\Http\Kernel->handle(Object(Illuminate\Http\Request))
#67 {main}  
[2018-08-10 13:56:40] local.ERROR: PDOException: SQLSTATE[42S02]: Base table or view not found: 1146 Table 'bw_cms_db.article_category ac' doesn't exist in /var/www/html/bwcms/vendor/laravel/framework/src/Illuminate/Database/Connection.php:309
Stack trace:
#0 /var/www/html/bwcms/vendor/laravel/framework/src/Illuminate/Database/Connection.php(309): PDO->prepare('select count(*)...')
#1 /var/www/html/bwcms/vendor/laravel/framework/src/Illuminate/Database/Connection.php(624): Illuminate\Database\Connection->Illuminate\Database\{closure}(Object(Illuminate\Database\MySqlConnection), 'select count(*)...', Array)
#2 /var/www/html/bwcms/vendor/laravel/framework/src/Illuminate/Database/Connection.php(591): Illuminate\Database\Connection->runQueryCallback('select count(*)...', Array, Object(Closure))
#3 /var/www/html/bwcms/vendor/laravel/framework/src/Illuminate/Database/Connection.php(314): Illuminate\Database\Connection->run('select count(*)...', Array, Object(Closure))
#4 /var/www/html/bwcms/vendor/laravel/framework/src/Illuminate/Database/Query/Builder.php(1379): Illuminate\Database\Connection->select('select count(*)...', Array, true)
#5 /var/www/html/bwcms/vendor/laravel/framework/src/Illuminate/Database/Query/Builder.php(1369): Illuminate\Database\Query\Builder->runSelect()
#6 /var/www/html/bwcms/vendor/laravel/framework/src/Illuminate/Database/Query/Builder.php(1354): Illuminate\Database\Query\Builder->getFresh(Array)
#7 /var/www/html/bwcms/vendor/laravel/framework/src/Illuminate/Database/Query/Builder.php(1654): Illuminate\Database\Query\Builder->get(Array)
#8 /var/www/html/bwcms/vendor/laravel/framework/src/Illuminate/Database/Query/Builder.php(1585): Illuminate\Database\Query\Builder->aggregate('count', Array)
#9 /var/www/html/bwcms/app/Http/Controllers/ArticlesController.php(1926): Illuminate\Database\Query\Builder->count()
#10 [internal function]: App\Http\Controllers\ArticlesController->articlechannelinsertGet(Object(Illuminate\Http\Request))
#11 /var/www/html/bwcms/vendor/laravel/framework/src/Illuminate/Routing/Controller.php(256): call_user_func_array(Array, Array)
#12 /var/www/html/bwcms/vendor/laravel/framework/src/Illuminate/Routing/ControllerDispatcher.php(164): Illuminate\Routing\Controller->callAction('articlechanneli...', Array)
#13 /var/www/html/bwcms/vendor/laravel/framework/src/Illuminate/Routing/ControllerDispatcher.php(112): Illuminate\Routing\ControllerDispatcher->call(Object(App\Http\Controllers\ArticlesController), Object(Illuminate\Routing\Route), 'articlechanneli...')
#14 [internal function]: Illuminate\Routing\ControllerDispatcher->Illuminate\Routing\{closure}(Object(Illuminate\Http\Request))
#15 /var/www/html/bwcms/vendor/laravel/framework/src/Illuminate/Pipeline/Pipeline.php(142): call_user_func(Object(Closure), Object(Illuminate\Http\Request))
#16 /var/www/html/bwcms/app/Http/Middleware/Authenticate.php(70): Illuminate\Pipeline\Pipeline->Illuminate\Pipeline\{closure}(Object(Illuminate\Http\Request))
#17 [internal function]: App\Http\Middleware\Authenticate->handle(Object(Illuminate\Http\Request), Object(Closure))
#18 /var/www/html/bwcms/vendor/laravel/framework/src/Illuminate/Pipeline/Pipeline.php(127): call_user_func_array(Array, Array)
#19 [internal function]: Illuminate\Pipeline\Pipeline->Illuminate\Pipeline\{closure}(Object(Illuminate\Http\Request))
#20 /var/www/html/bwcms/vendor/laravel/framework/src/Illuminate/Pipeline/Pipeline.php(105): call_user_func(Object(Closure), Object(Illuminate\Http\Request))
#21 /var/www/html/bwcms/vendor/laravel/framework/src/Illuminate/Routing/ControllerDispatcher.php(114): Illuminate\Pipeline\Pipeline->then(Object(Closure))
#22 /var/www/html/bwcms/vendor/laravel/framework/src/Illuminate/Routing/ControllerDispatcher.php(68): Illuminate\Routing\ControllerDispatcher->callWithinStack(Object(App\Http\Controllers\ArticlesController), Object(Illuminate\Routing\Route), Object(Illuminate\Http\Request), 'articlechanneli...')
#23 /var/www/html/bwcms/vendor/laravel/framework/src/Illuminate/Routing/Route.php(201): Illuminate\Routing\ControllerDispatcher->dispatch(Object(Illuminate\Routing\Route), Object(Illuminate\Http\Request), 'App\\Http\\Contro...', 'articlechanneli...')
#24 /var/www/html/bwcms/vendor/laravel/framework/src/Illuminate/Routing/Route.php(134): Illuminate\Routing\Route->runWithCustomDispatcher(Object(Illuminate\Http\Request))
#25 /var/www/html/bwcms/vendor/laravel/framework/src/Illuminate/Routing/Router.php(704): Illuminate\Routing\Route->run(Object(Illuminate\Http\Request))
#26 [internal function]: Illuminate\Routing\Router->Illuminate\Routing\{closure}(Object(Illuminate\Http\Request))
#27 /var/www/html/bwcms/vendor/laravel/framework/src/Illuminate/Pipeline/Pipeline.php(142): call_user_func(Object(Closure), Object(Illuminate\Http\Request))
#28 [internal function]: Illuminate\Pipeline\Pipeline->Illuminate\Pipeline\{closure}(Object(Illuminate\Http\Request))
#29 /var/www/html/bwcms/vendor/laravel/framework/src/Illuminate/Pipeline/Pipeline.php(105): call_user_func(Object(Closure), Object(Illuminate\Http\Request))
#30 /var/www/html/bwcms/vendor/laravel/framework/src/Illuminate/Routing/Router.php(706): Illuminate\Pipeline\Pipeline->then(Object(Closure))
#31 /var/www/html/bwcms/vendor/laravel/framework/src/Illuminate/Routing/Router.php(670): Illuminate\Routing\Router->runRouteWithinStack(Object(Illuminate\Routing\Route), Object(Illuminate\Http\Request))
#32 /var/www/html/bwcms/vendor/laravel/framework/src/Illuminate/Routing/Router.php(631): Illuminate\Routing\Router->dispatchToRoute(Object(Illuminate\Http\Request))
#33 /var/www/html/bwcms/vendor/laravel/framework/src/Illuminate/Foundation/Http/Kernel.php(229): Illuminate\Routing\Router->dispatch(Object(Illuminate\Http\Request))
#34 [internal function]: Illuminate\Foundation\Http\Kernel->Illuminate\Foundation\Http\{closure}(Object(Illuminate\Http\Request))
#35 /var/www/html/bwcms/vendor/laravel/framework/src/Illuminate/Pipeline/Pipeline.php(142): call_user_func(Object(Closure), Object(Illuminate\Http\Request))
#36 /var/www/html/bwcms/app/Http/Middleware/LogoutIfSessionExpired.php(31): Illuminate\Pipeline\Pipeline->Illuminate\Pipeline\{closure}(Object(Illuminate\Http\Request))
#37 [internal function]: App\Http\Middleware\LogoutIfSessionExpired->handle(Object(Illuminate\Http\Request), Object(Closure))
#38 /var/www/html/bwcms/vendor/laravel/framework/src/Illuminate/Pipeline/Pipeline.php(127): call_user_func_array(Array, Array)
#39 /var/www/html/bwcms/vendor/laravel/framework/src/Illuminate/Foundation/Http/Middleware/VerifyCsrfToken.php(50): Illuminate\Pipeline\Pipeline->Illuminate\Pipeline\{closure}(Object(Illuminate\Http\Request))
#40 /var/www/html/bwcms/app/Http/Middleware/VerifyCsrfToken.php(31): Illuminate\Foundation\Http\Middleware\VerifyCsrfToken->handle(Object(Illuminate\Http\Request), Object(Closure))
#41 [internal function]: App\Http\Middleware\VerifyCsrfToken->handle(Object(Illuminate\Http\Request), Object(Closure))
#42 /var/www/html/bwcms/vendor/laravel/framework/src/Illuminate/Pipeline/Pipeline.php(127): call_user_func_array(Array, Array)
#43 /var/www/html/bwcms/vendor/laravel/framework/src/Illuminate/View/Middleware/ShareErrorsFromSession.php(54): Illuminate\Pipeline\Pipeline->Illuminate\Pipeline\{closure}(Object(Illuminate\Http\Request))
#44 [internal function]: Illuminate\View\Middleware\ShareErrorsFromSession->handle(Object(Illuminate\Http\Request), Object(Closure))
#45 /var/www/html/bwcms/vendor/laravel/framework/src/Illuminate/Pipeline/Pipeline.php(127): call_user_func_array(Array, Array)
#46 /var/www/html/bwcms/vendor/laravel/framework/src/Illuminate/Session/Middleware/StartSession.php(62): Illuminate\Pipeline\Pipeline->Illuminate\Pipeline\{closure}(Object(Illuminate\Http\Request))
#47 [internal function]: Illuminate\Session\Middleware\StartSession->handle(Object(Illuminate\Http\Request), Object(Closure))
#48 /var/www/html/bwcms/vendor/laravel/framework/src/Illuminate/Pipeline/Pipeline.php(127): call_user_func_array(Array, Array)
#49 /var/www/html/bwcms/vendor/laravel/framework/src/Illuminate/Cookie/Middleware/AddQueuedCookiesToResponse.php(37): Illuminate\Pipeline\Pipeline->Illuminate\Pipeline\{closure}(Object(Illuminate\Http\Request))
#50 [internal function]: Illuminate\Cookie\Middleware\AddQueuedCookiesToResponse->handle(Object(Illuminate\Http\Request), Object(Closure))
#51 /var/www/html/bwcms/vendor/laravel/framework/src/Illuminate/Pipeline/Pipeline.php(127): call_user_func_array(Array, Array)
#52 /var/www/html/bwcms/vendor/laravel/framework/src/Illuminate/Cookie/Middleware/EncryptCookies.php(59): Illuminate\Pipeline\Pipeline->Illuminate\Pipeline\{closure}(Object(Illuminate\Http\Request))
#53 [internal function]: Illuminate\Cookie\Middleware\EncryptCookies->handle(Object(Illuminate\Http\Request), Object(Closure))
#54 /var/www/html/bwcms/vendor/laravel/framework/src/Illuminate/Pipeline/Pipeline.php(127): call_user_func_array(Array, Array)
#55 /var/www/html/bwcms/vendor/laravel/framework/src/Illuminate/Foundation/Http/Middleware/CheckForMaintenanceMode.php(42): Illuminate\Pipeline\Pipeline->Illuminate\Pipeline\{closure}(Object(Illuminate\Http\Request))
#56 [internal function]: Illuminate\Foundation\Http\Middleware\CheckForMaintenanceMode->handle(Object(Illuminate\Http\Request), Object(Closure))
#57 /var/www/html/bwcms/vendor/laravel/framework/src/Illuminate/Pipeline/Pipeline.php(127): call_user_func_array(Array, Array)
#58 [internal function]: Illuminate\Pipeline\Pipeline->Illuminate\Pipeline\{closure}(Object(Illuminate\Http\Request))
#59 /var/www/html/bwcms/vendor/laravel/framework/src/Illuminate/Pipeline/Pipeline.php(105): call_user_func(Object(Closure), Object(Illuminate\Http\Request))
#60 /var/www/html/bwcms/vendor/laravel/framework/src/Illuminate/Foundation/Http/Kernel.php(118): Illuminate\Pipeline\Pipeline->then(Object(Closure))
#61 /var/www/html/bwcms/vendor/laravel/framework/src/Illuminate/Foundation/Http/Kernel.php(86): Illuminate\Foundation\Http\Kernel->sendRequestThroughRouter(Object(Illuminate\Http\Request))
#62 /var/www/html/bwcms/public/index.php(52): Illuminate\Foundation\Http\Kernel->handle(Object(Illuminate\Http\Request))
#63 {main}

Next Illuminate\Database\QueryException: SQLSTATE[42S02]: Base table or view not found: 1146 Table 'bw_cms_db.article_category ac' doesn't exist (SQL: select count(*) as aggregate from `article_category ac` inner join `articles ar` on `ac`.`article_id` = `ar`.`article_id` where `ar`.`channel_id` = 1 and `ar`.`status` = P and `ac`.`category_id` = 47334 and `ar`.`article_id` not in (157168, 156960)) in /var/www/html/bwcms/vendor/laravel/framework/src/Illuminate/Database/Connection.php:631
Stack trace:
#0 /var/www/html/bwcms/vendor/laravel/framework/src/Illuminate/Database/Connection.php(591): Illuminate\Database\Connection->runQueryCallback('select count(*)...', Array, Object(Closure))
#1 /var/www/html/bwcms/vendor/laravel/framework/src/Illuminate/Database/Connection.php(314): Illuminate\Database\Connection->run('select count(*)...', Array, Object(Closure))
#2 /var/www/html/bwcms/vendor/laravel/framework/src/Illuminate/Database/Query/Builder.php(1379): Illuminate\Database\Connection->select('select count(*)...', Array, true)
#3 /var/www/html/bwcms/vendor/laravel/framework/src/Illuminate/Database/Query/Builder.php(1369): Illuminate\Database\Query\Builder->runSelect()
#4 /var/www/html/bwcms/vendor/laravel/framework/src/Illuminate/Database/Query/Builder.php(1354): Illuminate\Database\Query\Builder->getFresh(Array)
#5 /var/www/html/bwcms/vendor/laravel/framework/src/Illuminate/Database/Query/Builder.php(1654): Illuminate\Database\Query\Builder->get(Array)
#6 /var/www/html/bwcms/vendor/laravel/framework/src/Illuminate/Database/Query/Builder.php(1585): Illuminate\Database\Query\Builder->aggregate('count', Array)
#7 /var/www/html/bwcms/app/Http/Controllers/ArticlesController.php(1926): Illuminate\Database\Query\Builder->count()
#8 [internal function]: App\Http\Controllers\ArticlesController->articlechannelinsertGet(Object(Illuminate\Http\Request))
#9 /var/www/html/bwcms/vendor/laravel/framework/src/Illuminate/Routing/Controller.php(256): call_user_func_array(Array, Array)
#10 /var/www/html/bwcms/vendor/laravel/framework/src/Illuminate/Routing/ControllerDispatcher.php(164): Illuminate\Routing\Controller->callAction('articlechanneli...', Array)
#11 /var/www/html/bwcms/vendor/laravel/framework/src/Illuminate/Routing/ControllerDispatcher.php(112): Illuminate\Routing\ControllerDispatcher->call(Object(App\Http\Controllers\ArticlesController), Object(Illuminate\Routing\Route), 'articlechanneli...')
#12 [internal function]: Illuminate\Routing\ControllerDispatcher->Illuminate\Routing\{closure}(Object(Illuminate\Http\Request))
#13 /var/www/html/bwcms/vendor/laravel/framework/src/Illuminate/Pipeline/Pipeline.php(142): call_user_func(Object(Closure), Object(Illuminate\Http\Request))
#14 /var/www/html/bwcms/app/Http/Middleware/Authenticate.php(70): Illuminate\Pipeline\Pipeline->Illuminate\Pipeline\{closure}(Object(Illuminate\Http\Request))
#15 [internal function]: App\Http\Middleware\Authenticate->handle(Object(Illuminate\Http\Request), Object(Closure))
#16 /var/www/html/bwcms/vendor/laravel/framework/src/Illuminate/Pipeline/Pipeline.php(127): call_user_func_array(Array, Array)
#17 [internal function]: Illuminate\Pipeline\Pipeline->Illuminate\Pipeline\{closure}(Object(Illuminate\Http\Request))
#18 /var/www/html/bwcms/vendor/laravel/framework/src/Illuminate/Pipeline/Pipeline.php(105): call_user_func(Object(Closure), Object(Illuminate\Http\Request))
#19 /var/www/html/bwcms/vendor/laravel/framework/src/Illuminate/Routing/ControllerDispatcher.php(114): Illuminate\Pipeline\Pipeline->then(Object(Closure))
#20 /var/www/html/bwcms/vendor/laravel/framework/src/Illuminate/Routing/ControllerDispatcher.php(68): Illuminate\Routing\ControllerDispatcher->callWithinStack(Object(App\Http\Controllers\ArticlesController), Object(Illuminate\Routing\Route), Object(Illuminate\Http\Request), 'articlechanneli...')
#21 /var/www/html/bwcms/vendor/laravel/framework/src/Illuminate/Routing/Route.php(201): Illuminate\Routing\ControllerDispatcher->dispatch(Object(Illuminate\Routing\Route), Object(Illuminate\Http\Request), 'App\\Http\\Contro...', 'articlechanneli...')
#22 /var/www/html/bwcms/vendor/laravel/framework/src/Illuminate/Routing/Route.php(134): Illuminate\Routing\Route->runWithCustomDispatcher(Object(Illuminate\Http\Request))
#23 /var/www/html/bwcms/vendor/laravel/framework/src/Illuminate/Routing/Router.php(704): Illuminate\Routing\Route->run(Object(Illuminate\Http\Request))
#24 [internal function]: Illuminate\Routing\Router->Illuminate\Routing\{closure}(Object(Illuminate\Http\Request))
#25 /var/www/html/bwcms/vendor/laravel/framework/src/Illuminate/Pipeline/Pipeline.php(142): call_user_func(Object(Closure), Object(Illuminate\Http\Request))
#26 [internal function]: Illuminate\Pipeline\Pipeline->Illuminate\Pipeline\{closure}(Object(Illuminate\Http\Request))
#27 /var/www/html/bwcms/vendor/laravel/framework/src/Illuminate/Pipeline/Pipeline.php(105): call_user_func(Object(Closure), Object(Illuminate\Http\Request))
#28 /var/www/html/bwcms/vendor/laravel/framework/src/Illuminate/Routing/Router.php(706): Illuminate\Pipeline\Pipeline->then(Object(Closure))
#29 /var/www/html/bwcms/vendor/laravel/framework/src/Illuminate/Routing/Router.php(670): Illuminate\Routing\Router->runRouteWithinStack(Object(Illuminate\Routing\Route), Object(Illuminate\Http\Request))
#30 /var/www/html/bwcms/vendor/laravel/framework/src/Illuminate/Routing/Router.php(631): Illuminate\Routing\Router->dispatchToRoute(Object(Illuminate\Http\Request))
#31 /var/www/html/bwcms/vendor/laravel/framework/src/Illuminate/Foundation/Http/Kernel.php(229): Illuminate\Routing\Router->dispatch(Object(Illuminate\Http\Request))
#32 [internal function]: Illuminate\Foundation\Http\Kernel->Illuminate\Foundation\Http\{closure}(Object(Illuminate\Http\Request))
#33 /var/www/html/bwcms/vendor/laravel/framework/src/Illuminate/Pipeline/Pipeline.php(142): call_user_func(Object(Closure), Object(Illuminate\Http\Request))
#34 /var/www/html/bwcms/app/Http/Middleware/LogoutIfSessionExpired.php(31): Illuminate\Pipeline\Pipeline->Illuminate\Pipeline\{closure}(Object(Illuminate\Http\Request))
#35 [internal function]: App\Http\Middleware\LogoutIfSessionExpired->handle(Object(Illuminate\Http\Request), Object(Closure))
#36 /var/www/html/bwcms/vendor/laravel/framework/src/Illuminate/Pipeline/Pipeline.php(127): call_user_func_array(Array, Array)
#37 /var/www/html/bwcms/vendor/laravel/framework/src/Illuminate/Foundation/Http/Middleware/VerifyCsrfToken.php(50): Illuminate\Pipeline\Pipeline->Illuminate\Pipeline\{closure}(Object(Illuminate\Http\Request))
#38 /var/www/html/bwcms/app/Http/Middleware/VerifyCsrfToken.php(31): Illuminate\Foundation\Http\Middleware\VerifyCsrfToken->handle(Object(Illuminate\Http\Request), Object(Closure))
#39 [internal function]: App\Http\Middleware\VerifyCsrfToken->handle(Object(Illuminate\Http\Request), Object(Closure))
#40 /var/www/html/bwcms/vendor/laravel/framework/src/Illuminate/Pipeline/Pipeline.php(127): call_user_func_array(Array, Array)
#41 /var/www/html/bwcms/vendor/laravel/framework/src/Illuminate/View/Middleware/ShareErrorsFromSession.php(54): Illuminate\Pipeline\Pipeline->Illuminate\Pipeline\{closure}(Object(Illuminate\Http\Request))
#42 [internal function]: Illuminate\View\Middleware\ShareErrorsFromSession->handle(Object(Illuminate\Http\Request), Object(Closure))
#43 /var/www/html/bwcms/vendor/laravel/framework/src/Illuminate/Pipeline/Pipeline.php(127): call_user_func_array(Array, Array)
#44 /var/www/html/bwcms/vendor/laravel/framework/src/Illuminate/Session/Middleware/StartSession.php(62): Illuminate\Pipeline\Pipeline->Illuminate\Pipeline\{closure}(Object(Illuminate\Http\Request))
#45 [internal function]: Illuminate\Session\Middleware\StartSession->handle(Object(Illuminate\Http\Request), Object(Closure))
#46 /var/www/html/bwcms/vendor/laravel/framework/src/Illuminate/Pipeline/Pipeline.php(127): call_user_func_array(Array, Array)
#47 /var/www/html/bwcms/vendor/laravel/framework/src/Illuminate/Cookie/Middleware/AddQueuedCookiesToResponse.php(37): Illuminate\Pipeline\Pipeline->Illuminate\Pipeline\{closure}(Object(Illuminate\Http\Request))
#48 [internal function]: Illuminate\Cookie\Middleware\AddQueuedCookiesToResponse->handle(Object(Illuminate\Http\Request), Object(Closure))
#49 /var/www/html/bwcms/vendor/laravel/framework/src/Illuminate/Pipeline/Pipeline.php(127): call_user_func_array(Array, Array)
#50 /var/www/html/bwcms/vendor/laravel/framework/src/Illuminate/Cookie/Middleware/EncryptCookies.php(59): Illuminate\Pipeline\Pipeline->Illuminate\Pipeline\{closure}(Object(Illuminate\Http\Request))
#51 [internal function]: Illuminate\Cookie\Middleware\EncryptCookies->handle(Object(Illuminate\Http\Request), Object(Closure))
#52 /var/www/html/bwcms/vendor/laravel/framework/src/Illuminate/Pipeline/Pipeline.php(127): call_user_func_array(Array, Array)
#53 /var/www/html/bwcms/vendor/laravel/framework/src/Illuminate/Foundation/Http/Middleware/CheckForMaintenanceMode.php(42): Illuminate\Pipeline\Pipeline->Illuminate\Pipeline\{closure}(Object(Illuminate\Http\Request))
#54 [internal function]: Illuminate\Foundation\Http\Middleware\CheckForMaintenanceMode->handle(Object(Illuminate\Http\Request), Object(Closure))
#55 /var/www/html/bwcms/vendor/laravel/framework/src/Illuminate/Pipeline/Pipeline.php(127): call_user_func_array(Array, Array)
#56 [internal function]: Illuminate\Pipeline\Pipeline->Illuminate\Pipeline\{closure}(Object(Illuminate\Http\Request))
#57 /var/www/html/bwcms/vendor/laravel/framework/src/Illuminate/Pipeline/Pipeline.php(105): call_user_func(Object(Closure), Object(Illuminate\Http\Request))
#58 /var/www/html/bwcms/vendor/laravel/framework/src/Illuminate/Foundation/Http/Kernel.php(118): Illuminate\Pipeline\Pipeline->then(Object(Closure))
#59 /var/www/html/bwcms/vendor/laravel/framework/src/Illuminate/Foundation/Http/Kernel.php(86): Illuminate\Foundation\Http\Kernel->sendRequestThroughRouter(Object(Illuminate\Http\Request))
#60 /var/www/html/bwcms/public/index.php(52): Illuminate\Foundation\Http\Kernel->handle(Object(Illuminate\Http\Request))
#61 {main}  
[2018-08-10 13:58:35] local.ERROR: ErrorException: Invalid argument supplied for foreach() in /var/www/html/bwcms/app/Http/Controllers/ArticlesController.php:1934
Stack trace:
#0 /var/www/html/bwcms/app/Http/Controllers/ArticlesController.php(1934): Illuminate\Foundation\Bootstrap\HandleExceptions->handleError(2, 'Invalid argumen...', '/var/www/html/b...', 1934, Array)
#1 [internal function]: App\Http\Controllers\ArticlesController->articlechannelinsertGet(Object(Illuminate\Http\Request))
#2 /var/www/html/bwcms/vendor/laravel/framework/src/Illuminate/Routing/Controller.php(256): call_user_func_array(Array, Array)
#3 /var/www/html/bwcms/vendor/laravel/framework/src/Illuminate/Routing/ControllerDispatcher.php(164): Illuminate\Routing\Controller->callAction('articlechanneli...', Array)
#4 /var/www/html/bwcms/vendor/laravel/framework/src/Illuminate/Routing/ControllerDispatcher.php(112): Illuminate\Routing\ControllerDispatcher->call(Object(App\Http\Controllers\ArticlesController), Object(Illuminate\Routing\Route), 'articlechanneli...')
#5 [internal function]: Illuminate\Routing\ControllerDispatcher->Illuminate\Routing\{closure}(Object(Illuminate\Http\Request))
#6 /var/www/html/bwcms/vendor/laravel/framework/src/Illuminate/Pipeline/Pipeline.php(142): call_user_func(Object(Closure), Object(Illuminate\Http\Request))
#7 /var/www/html/bwcms/app/Http/Middleware/Authenticate.php(70): Illuminate\Pipeline\Pipeline->Illuminate\Pipeline\{closure}(Object(Illuminate\Http\Request))
#8 [internal function]: App\Http\Middleware\Authenticate->handle(Object(Illuminate\Http\Request), Object(Closure))
#9 /var/www/html/bwcms/vendor/laravel/framework/src/Illuminate/Pipeline/Pipeline.php(127): call_user_func_array(Array, Array)
#10 [internal function]: Illuminate\Pipeline\Pipeline->Illuminate\Pipeline\{closure}(Object(Illuminate\Http\Request))
#11 /var/www/html/bwcms/vendor/laravel/framework/src/Illuminate/Pipeline/Pipeline.php(105): call_user_func(Object(Closure), Object(Illuminate\Http\Request))
#12 /var/www/html/bwcms/vendor/laravel/framework/src/Illuminate/Routing/ControllerDispatcher.php(114): Illuminate\Pipeline\Pipeline->then(Object(Closure))
#13 /var/www/html/bwcms/vendor/laravel/framework/src/Illuminate/Routing/ControllerDispatcher.php(68): Illuminate\Routing\ControllerDispatcher->callWithinStack(Object(App\Http\Controllers\ArticlesController), Object(Illuminate\Routing\Route), Object(Illuminate\Http\Request), 'articlechanneli...')
#14 /var/www/html/bwcms/vendor/laravel/framework/src/Illuminate/Routing/Route.php(201): Illuminate\Routing\ControllerDispatcher->dispatch(Object(Illuminate\Routing\Route), Object(Illuminate\Http\Request), 'App\\Http\\Contro...', 'articlechanneli...')
#15 /var/www/html/bwcms/vendor/laravel/framework/src/Illuminate/Routing/Route.php(134): Illuminate\Routing\Route->runWithCustomDispatcher(Object(Illuminate\Http\Request))
#16 /var/www/html/bwcms/vendor/laravel/framework/src/Illuminate/Routing/Router.php(704): Illuminate\Routing\Route->run(Object(Illuminate\Http\Request))
#17 [internal function]: Illuminate\Routing\Router->Illuminate\Routing\{closure}(Object(Illuminate\Http\Request))
#18 /var/www/html/bwcms/vendor/laravel/framework/src/Illuminate/Pipeline/Pipeline.php(142): call_user_func(Object(Closure), Object(Illuminate\Http\Request))
#19 [internal function]: Illuminate\Pipeline\Pipeline->Illuminate\Pipeline\{closure}(Object(Illuminate\Http\Request))
#20 /var/www/html/bwcms/vendor/laravel/framework/src/Illuminate/Pipeline/Pipeline.php(105): call_user_func(Object(Closure), Object(Illuminate\Http\Request))
#21 /var/www/html/bwcms/vendor/laravel/framework/src/Illuminate/Routing/Router.php(706): Illuminate\Pipeline\Pipeline->then(Object(Closure))
#22 /var/www/html/bwcms/vendor/laravel/framework/src/Illuminate/Routing/Router.php(670): Illuminate\Routing\Router->runRouteWithinStack(Object(Illuminate\Routing\Route), Object(Illuminate\Http\Request))
#23 /var/www/html/bwcms/vendor/laravel/framework/src/Illuminate/Routing/Router.php(631): Illuminate\Routing\Router->dispatchToRoute(Object(Illuminate\Http\Request))
#24 /var/www/html/bwcms/vendor/laravel/framework/src/Illuminate/Foundation/Http/Kernel.php(229): Illuminate\Routing\Router->dispatch(Object(Illuminate\Http\Request))
#25 [internal function]: Illuminate\Foundation\Http\Kernel->Illuminate\Foundation\Http\{closure}(Object(Illuminate\Http\Request))
#26 /var/www/html/bwcms/vendor/laravel/framework/src/Illuminate/Pipeline/Pipeline.php(142): call_user_func(Object(Closure), Object(Illuminate\Http\Request))
#27 /var/www/html/bwcms/app/Http/Middleware/LogoutIfSessionExpired.php(31): Illuminate\Pipeline\Pipeline->Illuminate\Pipeline\{closure}(Object(Illuminate\Http\Request))
#28 [internal function]: App\Http\Middleware\LogoutIfSessionExpired->handle(Object(Illuminate\Http\Request), Object(Closure))
#29 /var/www/html/bwcms/vendor/laravel/framework/src/Illuminate/Pipeline/Pipeline.php(127): call_user_func_array(Array, Array)
#30 /var/www/html/bwcms/vendor/laravel/framework/src/Illuminate/Foundation/Http/Middleware/VerifyCsrfToken.php(50): Illuminate\Pipeline\Pipeline->Illuminate\Pipeline\{closure}(Object(Illuminate\Http\Request))
#31 /var/www/html/bwcms/app/Http/Middleware/VerifyCsrfToken.php(31): Illuminate\Foundation\Http\Middleware\VerifyCsrfToken->handle(Object(Illuminate\Http\Request), Object(Closure))
#32 [internal function]: App\Http\Middleware\VerifyCsrfToken->handle(Object(Illuminate\Http\Request), Object(Closure))
#33 /var/www/html/bwcms/vendor/laravel/framework/src/Illuminate/Pipeline/Pipeline.php(127): call_user_func_array(Array, Array)
#34 /var/www/html/bwcms/vendor/laravel/framework/src/Illuminate/View/Middleware/ShareErrorsFromSession.php(54): Illuminate\Pipeline\Pipeline->Illuminate\Pipeline\{closure}(Object(Illuminate\Http\Request))
#35 [internal function]: Illuminate\View\Middleware\ShareErrorsFromSession->handle(Object(Illuminate\Http\Request), Object(Closure))
#36 /var/www/html/bwcms/vendor/laravel/framework/src/Illuminate/Pipeline/Pipeline.php(127): call_user_func_array(Array, Array)
#37 /var/www/html/bwcms/vendor/laravel/framework/src/Illuminate/Session/Middleware/StartSession.php(62): Illuminate\Pipeline\Pipeline->Illuminate\Pipeline\{closure}(Object(Illuminate\Http\Request))
#38 [internal function]: Illuminate\Session\Middleware\StartSession->handle(Object(Illuminate\Http\Request), Object(Closure))
#39 /var/www/html/bwcms/vendor/laravel/framework/src/Illuminate/Pipeline/Pipeline.php(127): call_user_func_array(Array, Array)
#40 /var/www/html/bwcms/vendor/laravel/framework/src/Illuminate/Cookie/Middleware/AddQueuedCookiesToResponse.php(37): Illuminate\Pipeline\Pipeline->Illuminate\Pipeline\{closure}(Object(Illuminate\Http\Request))
#41 [internal function]: Illuminate\Cookie\Middleware\AddQueuedCookiesToResponse->handle(Object(Illuminate\Http\Request), Object(Closure))
#42 /var/www/html/bwcms/vendor/laravel/framework/src/Illuminate/Pipeline/Pipeline.php(127): call_user_func_array(Array, Array)
#43 /var/www/html/bwcms/vendor/laravel/framework/src/Illuminate/Cookie/Middleware/EncryptCookies.php(59): Illuminate\Pipeline\Pipeline->Illuminate\Pipeline\{closure}(Object(Illuminate\Http\Request))
#44 [internal function]: Illuminate\Cookie\Middleware\EncryptCookies->handle(Object(Illuminate\Http\Request), Object(Closure))
#45 /var/www/html/bwcms/vendor/laravel/framework/src/Illuminate/Pipeline/Pipeline.php(127): call_user_func_array(Array, Array)
#46 /var/www/html/bwcms/vendor/laravel/framework/src/Illuminate/Foundation/Http/Middleware/CheckForMaintenanceMode.php(42): Illuminate\Pipeline\Pipeline->Illuminate\Pipeline\{closure}(Object(Illuminate\Http\Request))
#47 [internal function]: Illuminate\Foundation\Http\Middleware\CheckForMaintenanceMode->handle(Object(Illuminate\Http\Request), Object(Closure))
#48 /var/www/html/bwcms/vendor/laravel/framework/src/Illuminate/Pipeline/Pipeline.php(127): call_user_func_array(Array, Array)
#49 [internal function]: Illuminate\Pipeline\Pipeline->Illuminate\Pipeline\{closure}(Object(Illuminate\Http\Request))
#50 /var/www/html/bwcms/vendor/laravel/framework/src/Illuminate/Pipeline/Pipeline.php(105): call_user_func(Object(Closure), Object(Illuminate\Http\Request))
#51 /var/www/html/bwcms/vendor/laravel/framework/src/Illuminate/Foundation/Http/Kernel.php(118): Illuminate\Pipeline\Pipeline->then(Object(Closure))
#52 /var/www/html/bwcms/vendor/laravel/framework/src/Illuminate/Foundation/Http/Kernel.php(86): Illuminate\Foundation\Http\Kernel->sendRequestThroughRouter(Object(Illuminate\Http\Request))
#53 /var/www/html/bwcms/public/index.php(52): Illuminate\Foundation\Http\Kernel->handle(Object(Illuminate\Http\Request))
#54 {main}  
[2018-08-10 13:58:53] local.ERROR: ErrorException: Invalid argument supplied for foreach() in /var/www/html/bwcms/app/Http/Controllers/ArticlesController.php:1934
Stack trace:
#0 /var/www/html/bwcms/app/Http/Controllers/ArticlesController.php(1934): Illuminate\Foundation\Bootstrap\HandleExceptions->handleError(2, 'Invalid argumen...', '/var/www/html/b...', 1934, Array)
#1 [internal function]: App\Http\Controllers\ArticlesController->articlechannelinsertGet(Object(Illuminate\Http\Request))
#2 /var/www/html/bwcms/vendor/laravel/framework/src/Illuminate/Routing/Controller.php(256): call_user_func_array(Array, Array)
#3 /var/www/html/bwcms/vendor/laravel/framework/src/Illuminate/Routing/ControllerDispatcher.php(164): Illuminate\Routing\Controller->callAction('articlechanneli...', Array)
#4 /var/www/html/bwcms/vendor/laravel/framework/src/Illuminate/Routing/ControllerDispatcher.php(112): Illuminate\Routing\ControllerDispatcher->call(Object(App\Http\Controllers\ArticlesController), Object(Illuminate\Routing\Route), 'articlechanneli...')
#5 [internal function]: Illuminate\Routing\ControllerDispatcher->Illuminate\Routing\{closure}(Object(Illuminate\Http\Request))
#6 /var/www/html/bwcms/vendor/laravel/framework/src/Illuminate/Pipeline/Pipeline.php(142): call_user_func(Object(Closure), Object(Illuminate\Http\Request))
#7 /var/www/html/bwcms/app/Http/Middleware/Authenticate.php(70): Illuminate\Pipeline\Pipeline->Illuminate\Pipeline\{closure}(Object(Illuminate\Http\Request))
#8 [internal function]: App\Http\Middleware\Authenticate->handle(Object(Illuminate\Http\Request), Object(Closure))
#9 /var/www/html/bwcms/vendor/laravel/framework/src/Illuminate/Pipeline/Pipeline.php(127): call_user_func_array(Array, Array)
#10 [internal function]: Illuminate\Pipeline\Pipeline->Illuminate\Pipeline\{closure}(Object(Illuminate\Http\Request))
#11 /var/www/html/bwcms/vendor/laravel/framework/src/Illuminate/Pipeline/Pipeline.php(105): call_user_func(Object(Closure), Object(Illuminate\Http\Request))
#12 /var/www/html/bwcms/vendor/laravel/framework/src/Illuminate/Routing/ControllerDispatcher.php(114): Illuminate\Pipeline\Pipeline->then(Object(Closure))
#13 /var/www/html/bwcms/vendor/laravel/framework/src/Illuminate/Routing/ControllerDispatcher.php(68): Illuminate\Routing\ControllerDispatcher->callWithinStack(Object(App\Http\Controllers\ArticlesController), Object(Illuminate\Routing\Route), Object(Illuminate\Http\Request), 'articlechanneli...')
#14 /var/www/html/bwcms/vendor/laravel/framework/src/Illuminate/Routing/Route.php(201): Illuminate\Routing\ControllerDispatcher->dispatch(Object(Illuminate\Routing\Route), Object(Illuminate\Http\Request), 'App\\Http\\Contro...', 'articlechanneli...')
#15 /var/www/html/bwcms/vendor/laravel/framework/src/Illuminate/Routing/Route.php(134): Illuminate\Routing\Route->runWithCustomDispatcher(Object(Illuminate\Http\Request))
#16 /var/www/html/bwcms/vendor/laravel/framework/src/Illuminate/Routing/Router.php(704): Illuminate\Routing\Route->run(Object(Illuminate\Http\Request))
#17 [internal function]: Illuminate\Routing\Router->Illuminate\Routing\{closure}(Object(Illuminate\Http\Request))
#18 /var/www/html/bwcms/vendor/laravel/framework/src/Illuminate/Pipeline/Pipeline.php(142): call_user_func(Object(Closure), Object(Illuminate\Http\Request))
#19 [internal function]: Illuminate\Pipeline\Pipeline->Illuminate\Pipeline\{closure}(Object(Illuminate\Http\Request))
#20 /var/www/html/bwcms/vendor/laravel/framework/src/Illuminate/Pipeline/Pipeline.php(105): call_user_func(Object(Closure), Object(Illuminate\Http\Request))
#21 /var/www/html/bwcms/vendor/laravel/framework/src/Illuminate/Routing/Router.php(706): Illuminate\Pipeline\Pipeline->then(Object(Closure))
#22 /var/www/html/bwcms/vendor/laravel/framework/src/Illuminate/Routing/Router.php(670): Illuminate\Routing\Router->runRouteWithinStack(Object(Illuminate\Routing\Route), Object(Illuminate\Http\Request))
#23 /var/www/html/bwcms/vendor/laravel/framework/src/Illuminate/Routing/Router.php(631): Illuminate\Routing\Router->dispatchToRoute(Object(Illuminate\Http\Request))
#24 /var/www/html/bwcms/vendor/laravel/framework/src/Illuminate/Foundation/Http/Kernel.php(229): Illuminate\Routing\Router->dispatch(Object(Illuminate\Http\Request))
#25 [internal function]: Illuminate\Foundation\Http\Kernel->Illuminate\Foundation\Http\{closure}(Object(Illuminate\Http\Request))
#26 /var/www/html/bwcms/vendor/laravel/framework/src/Illuminate/Pipeline/Pipeline.php(142): call_user_func(Object(Closure), Object(Illuminate\Http\Request))
#27 /var/www/html/bwcms/app/Http/Middleware/LogoutIfSessionExpired.php(31): Illuminate\Pipeline\Pipeline->Illuminate\Pipeline\{closure}(Object(Illuminate\Http\Request))
#28 [internal function]: App\Http\Middleware\LogoutIfSessionExpired->handle(Object(Illuminate\Http\Request), Object(Closure))
#29 /var/www/html/bwcms/vendor/laravel/framework/src/Illuminate/Pipeline/Pipeline.php(127): call_user_func_array(Array, Array)
#30 /var/www/html/bwcms/vendor/laravel/framework/src/Illuminate/Foundation/Http/Middleware/VerifyCsrfToken.php(50): Illuminate\Pipeline\Pipeline->Illuminate\Pipeline\{closure}(Object(Illuminate\Http\Request))
#31 /var/www/html/bwcms/app/Http/Middleware/VerifyCsrfToken.php(31): Illuminate\Foundation\Http\Middleware\VerifyCsrfToken->handle(Object(Illuminate\Http\Request), Object(Closure))
#32 [internal function]: App\Http\Middleware\VerifyCsrfToken->handle(Object(Illuminate\Http\Request), Object(Closure))
#33 /var/www/html/bwcms/vendor/laravel/framework/src/Illuminate/Pipeline/Pipeline.php(127): call_user_func_array(Array, Array)
#34 /var/www/html/bwcms/vendor/laravel/framework/src/Illuminate/View/Middleware/ShareErrorsFromSession.php(54): Illuminate\Pipeline\Pipeline->Illuminate\Pipeline\{closure}(Object(Illuminate\Http\Request))
#35 [internal function]: Illuminate\View\Middleware\ShareErrorsFromSession->handle(Object(Illuminate\Http\Request), Object(Closure))
#36 /var/www/html/bwcms/vendor/laravel/framework/src/Illuminate/Pipeline/Pipeline.php(127): call_user_func_array(Array, Array)
#37 /var/www/html/bwcms/vendor/laravel/framework/src/Illuminate/Session/Middleware/StartSession.php(62): Illuminate\Pipeline\Pipeline->Illuminate\Pipeline\{closure}(Object(Illuminate\Http\Request))
#38 [internal function]: Illuminate\Session\Middleware\StartSession->handle(Object(Illuminate\Http\Request), Object(Closure))
#39 /var/www/html/bwcms/vendor/laravel/framework/src/Illuminate/Pipeline/Pipeline.php(127): call_user_func_array(Array, Array)
#40 /var/www/html/bwcms/vendor/laravel/framework/src/Illuminate/Cookie/Middleware/AddQueuedCookiesToResponse.php(37): Illuminate\Pipeline\Pipeline->Illuminate\Pipeline\{closure}(Object(Illuminate\Http\Request))
#41 [internal function]: Illuminate\Cookie\Middleware\AddQueuedCookiesToResponse->handle(Object(Illuminate\Http\Request), Object(Closure))
#42 /var/www/html/bwcms/vendor/laravel/framework/src/Illuminate/Pipeline/Pipeline.php(127): call_user_func_array(Array, Array)
#43 /var/www/html/bwcms/vendor/laravel/framework/src/Illuminate/Cookie/Middleware/EncryptCookies.php(59): Illuminate\Pipeline\Pipeline->Illuminate\Pipeline\{closure}(Object(Illuminate\Http\Request))
#44 [internal function]: Illuminate\Cookie\Middleware\EncryptCookies->handle(Object(Illuminate\Http\Request), Object(Closure))
#45 /var/www/html/bwcms/vendor/laravel/framework/src/Illuminate/Pipeline/Pipeline.php(127): call_user_func_array(Array, Array)
#46 /var/www/html/bwcms/vendor/laravel/framework/src/Illuminate/Foundation/Http/Middleware/CheckForMaintenanceMode.php(42): Illuminate\Pipeline\Pipeline->Illuminate\Pipeline\{closure}(Object(Illuminate\Http\Request))
#47 [internal function]: Illuminate\Foundation\Http\Middleware\CheckForMaintenanceMode->handle(Object(Illuminate\Http\Request), Object(Closure))
#48 /var/www/html/bwcms/vendor/laravel/framework/src/Illuminate/Pipeline/Pipeline.php(127): call_user_func_array(Array, Array)
#49 [internal function]: Illuminate\Pipeline\Pipeline->Illuminate\Pipeline\{closure}(Object(Illuminate\Http\Request))
#50 /var/www/html/bwcms/vendor/laravel/framework/src/Illuminate/Pipeline/Pipeline.php(105): call_user_func(Object(Closure), Object(Illuminate\Http\Request))
#51 /var/www/html/bwcms/vendor/laravel/framework/src/Illuminate/Foundation/Http/Kernel.php(118): Illuminate\Pipeline\Pipeline->then(Object(Closure))
#52 /var/www/html/bwcms/vendor/laravel/framework/src/Illuminate/Foundation/Http/Kernel.php(86): Illuminate\Foundation\Http\Kernel->sendRequestThroughRouter(Object(Illuminate\Http\Request))
#53 /var/www/html/bwcms/public/index.php(52): Illuminate\Foundation\Http\Kernel->handle(Object(Illuminate\Http\Request))
#54 {main}  
[2018-08-10 14:01:38] local.ERROR: ErrorException: Undefined variable: uid in /var/www/html/bwcms/app/Http/Controllers/ArticlesController.php:1942
Stack trace:
#0 /var/www/html/bwcms/app/Http/Controllers/ArticlesController.php(1942): Illuminate\Foundation\Bootstrap\HandleExceptions->handleError(8, 'Undefined varia...', '/var/www/html/b...', 1942, Array)
#1 [internal function]: App\Http\Controllers\ArticlesController->articlechannelinsertGet(Object(Illuminate\Http\Request))
#2 /var/www/html/bwcms/vendor/laravel/framework/src/Illuminate/Routing/Controller.php(256): call_user_func_array(Array, Array)
#3 /var/www/html/bwcms/vendor/laravel/framework/src/Illuminate/Routing/ControllerDispatcher.php(164): Illuminate\Routing\Controller->callAction('articlechanneli...', Array)
#4 /var/www/html/bwcms/vendor/laravel/framework/src/Illuminate/Routing/ControllerDispatcher.php(112): Illuminate\Routing\ControllerDispatcher->call(Object(App\Http\Controllers\ArticlesController), Object(Illuminate\Routing\Route), 'articlechanneli...')
#5 [internal function]: Illuminate\Routing\ControllerDispatcher->Illuminate\Routing\{closure}(Object(Illuminate\Http\Request))
#6 /var/www/html/bwcms/vendor/laravel/framework/src/Illuminate/Pipeline/Pipeline.php(142): call_user_func(Object(Closure), Object(Illuminate\Http\Request))
#7 /var/www/html/bwcms/app/Http/Middleware/Authenticate.php(70): Illuminate\Pipeline\Pipeline->Illuminate\Pipeline\{closure}(Object(Illuminate\Http\Request))
#8 [internal function]: App\Http\Middleware\Authenticate->handle(Object(Illuminate\Http\Request), Object(Closure))
#9 /var/www/html/bwcms/vendor/laravel/framework/src/Illuminate/Pipeline/Pipeline.php(127): call_user_func_array(Array, Array)
#10 [internal function]: Illuminate\Pipeline\Pipeline->Illuminate\Pipeline\{closure}(Object(Illuminate\Http\Request))
#11 /var/www/html/bwcms/vendor/laravel/framework/src/Illuminate/Pipeline/Pipeline.php(105): call_user_func(Object(Closure), Object(Illuminate\Http\Request))
#12 /var/www/html/bwcms/vendor/laravel/framework/src/Illuminate/Routing/ControllerDispatcher.php(114): Illuminate\Pipeline\Pipeline->then(Object(Closure))
#13 /var/www/html/bwcms/vendor/laravel/framework/src/Illuminate/Routing/ControllerDispatcher.php(68): Illuminate\Routing\ControllerDispatcher->callWithinStack(Object(App\Http\Controllers\ArticlesController), Object(Illuminate\Routing\Route), Object(Illuminate\Http\Request), 'articlechanneli...')
#14 /var/www/html/bwcms/vendor/laravel/framework/src/Illuminate/Routing/Route.php(201): Illuminate\Routing\ControllerDispatcher->dispatch(Object(Illuminate\Routing\Route), Object(Illuminate\Http\Request), 'App\\Http\\Contro...', 'articlechanneli...')
#15 /var/www/html/bwcms/vendor/laravel/framework/src/Illuminate/Routing/Route.php(134): Illuminate\Routing\Route->runWithCustomDispatcher(Object(Illuminate\Http\Request))
#16 /var/www/html/bwcms/vendor/laravel/framework/src/Illuminate/Routing/Router.php(704): Illuminate\Routing\Route->run(Object(Illuminate\Http\Request))
#17 [internal function]: Illuminate\Routing\Router->Illuminate\Routing\{closure}(Object(Illuminate\Http\Request))
#18 /var/www/html/bwcms/vendor/laravel/framework/src/Illuminate/Pipeline/Pipeline.php(142): call_user_func(Object(Closure), Object(Illuminate\Http\Request))
#19 [internal function]: Illuminate\Pipeline\Pipeline->Illuminate\Pipeline\{closure}(Object(Illuminate\Http\Request))
#20 /var/www/html/bwcms/vendor/laravel/framework/src/Illuminate/Pipeline/Pipeline.php(105): call_user_func(Object(Closure), Object(Illuminate\Http\Request))
#21 /var/www/html/bwcms/vendor/laravel/framework/src/Illuminate/Routing/Router.php(706): Illuminate\Pipeline\Pipeline->then(Object(Closure))
#22 /var/www/html/bwcms/vendor/laravel/framework/src/Illuminate/Routing/Router.php(670): Illuminate\Routing\Router->runRouteWithinStack(Object(Illuminate\Routing\Route), Object(Illuminate\Http\Request))
#23 /var/www/html/bwcms/vendor/laravel/framework/src/Illuminate/Routing/Router.php(631): Illuminate\Routing\Router->dispatchToRoute(Object(Illuminate\Http\Request))
#24 /var/www/html/bwcms/vendor/laravel/framework/src/Illuminate/Foundation/Http/Kernel.php(229): Illuminate\Routing\Router->dispatch(Object(Illuminate\Http\Request))
#25 [internal function]: Illuminate\Foundation\Http\Kernel->Illuminate\Foundation\Http\{closure}(Object(Illuminate\Http\Request))
#26 /var/www/html/bwcms/vendor/laravel/framework/src/Illuminate/Pipeline/Pipeline.php(142): call_user_func(Object(Closure), Object(Illuminate\Http\Request))
#27 /var/www/html/bwcms/app/Http/Middleware/LogoutIfSessionExpired.php(31): Illuminate\Pipeline\Pipeline->Illuminate\Pipeline\{closure}(Object(Illuminate\Http\Request))
#28 [internal function]: App\Http\Middleware\LogoutIfSessionExpired->handle(Object(Illuminate\Http\Request), Object(Closure))
#29 /var/www/html/bwcms/vendor/laravel/framework/src/Illuminate/Pipeline/Pipeline.php(127): call_user_func_array(Array, Array)
#30 /var/www/html/bwcms/vendor/laravel/framework/src/Illuminate/Foundation/Http/Middleware/VerifyCsrfToken.php(50): Illuminate\Pipeline\Pipeline->Illuminate\Pipeline\{closure}(Object(Illuminate\Http\Request))
#31 /var/www/html/bwcms/app/Http/Middleware/VerifyCsrfToken.php(31): Illuminate\Foundation\Http\Middleware\VerifyCsrfToken->handle(Object(Illuminate\Http\Request), Object(Closure))
#32 [internal function]: App\Http\Middleware\VerifyCsrfToken->handle(Object(Illuminate\Http\Request), Object(Closure))
#33 /var/www/html/bwcms/vendor/laravel/framework/src/Illuminate/Pipeline/Pipeline.php(127): call_user_func_array(Array, Array)
#34 /var/www/html/bwcms/vendor/laravel/framework/src/Illuminate/View/Middleware/ShareErrorsFromSession.php(54): Illuminate\Pipeline\Pipeline->Illuminate\Pipeline\{closure}(Object(Illuminate\Http\Request))
#35 [internal function]: Illuminate\View\Middleware\ShareErrorsFromSession->handle(Object(Illuminate\Http\Request), Object(Closure))
#36 /var/www/html/bwcms/vendor/laravel/framework/src/Illuminate/Pipeline/Pipeline.php(127): call_user_func_array(Array, Array)
#37 /var/www/html/bwcms/vendor/laravel/framework/src/Illuminate/Session/Middleware/StartSession.php(62): Illuminate\Pipeline\Pipeline->Illuminate\Pipeline\{closure}(Object(Illuminate\Http\Request))
#38 [internal function]: Illuminate\Session\Middleware\StartSession->handle(Object(Illuminate\Http\Request), Object(Closure))
#39 /var/www/html/bwcms/vendor/laravel/framework/src/Illuminate/Pipeline/Pipeline.php(127): call_user_func_array(Array, Array)
#40 /var/www/html/bwcms/vendor/laravel/framework/src/Illuminate/Cookie/Middleware/AddQueuedCookiesToResponse.php(37): Illuminate\Pipeline\Pipeline->Illuminate\Pipeline\{closure}(Object(Illuminate\Http\Request))
#41 [internal function]: Illuminate\Cookie\Middleware\AddQueuedCookiesToResponse->handle(Object(Illuminate\Http\Request), Object(Closure))
#42 /var/www/html/bwcms/vendor/laravel/framework/src/Illuminate/Pipeline/Pipeline.php(127): call_user_func_array(Array, Array)
#43 /var/www/html/bwcms/vendor/laravel/framework/src/Illuminate/Cookie/Middleware/EncryptCookies.php(59): Illuminate\Pipeline\Pipeline->Illuminate\Pipeline\{closure}(Object(Illuminate\Http\Request))
#44 [internal function]: Illuminate\Cookie\Middleware\EncryptCookies->handle(Object(Illuminate\Http\Request), Object(Closure))
#45 /var/www/html/bwcms/vendor/laravel/framework/src/Illuminate/Pipeline/Pipeline.php(127): call_user_func_array(Array, Array)
#46 /var/www/html/bwcms/vendor/laravel/framework/src/Illuminate/Foundation/Http/Middleware/CheckForMaintenanceMode.php(42): Illuminate\Pipeline\Pipeline->Illuminate\Pipeline\{closure}(Object(Illuminate\Http\Request))
#47 [internal function]: Illuminate\Foundation\Http\Middleware\CheckForMaintenanceMode->handle(Object(Illuminate\Http\Request), Object(Closure))
#48 /var/www/html/bwcms/vendor/laravel/framework/src/Illuminate/Pipeline/Pipeline.php(127): call_user_func_array(Array, Array)
#49 [internal function]: Illuminate\Pipeline\Pipeline->Illuminate\Pipeline\{closure}(Object(Illuminate\Http\Request))
#50 /var/www/html/bwcms/vendor/laravel/framework/src/Illuminate/Pipeline/Pipeline.php(105): call_user_func(Object(Closure), Object(Illuminate\Http\Request))
#51 /var/www/html/bwcms/vendor/laravel/framework/src/Illuminate/Foundation/Http/Kernel.php(118): Illuminate\Pipeline\Pipeline->then(Object(Closure))
#52 /var/www/html/bwcms/vendor/laravel/framework/src/Illuminate/Foundation/Http/Kernel.php(86): Illuminate\Foundation\Http\Kernel->sendRequestThroughRouter(Object(Illuminate\Http\Request))
#53 /var/www/html/bwcms/public/index.php(52): Illuminate\Foundation\Http\Kernel->handle(Object(Illuminate\Http\Request))
#54 {main}  
[2018-08-13 12:29:43] local.ERROR: PDOException: SQLSTATE[HY000] [2002] Connection timed out in /var/www/html/bwcms/vendor/laravel/framework/src/Illuminate/Database/Connectors/Connector.php:50
Stack trace:
#0 /var/www/html/bwcms/vendor/laravel/framework/src/Illuminate/Database/Connectors/Connector.php(50): PDO->__construct('mysql:host=130....', 'root', 'bw#digital#2017...', Array)
#1 /var/www/html/bwcms/vendor/laravel/framework/src/Illuminate/Database/Connectors/MySqlConnector.php(22): Illuminate\Database\Connectors\Connector->createConnection('mysql:host=130....', Array, Array)
#2 /var/www/html/bwcms/vendor/laravel/framework/src/Illuminate/Database/Connectors/ConnectionFactory.php(60): Illuminate\Database\Connectors\MySqlConnector->connect(Array)
#3 /var/www/html/bwcms/vendor/laravel/framework/src/Illuminate/Database/Connectors/ConnectionFactory.php(49): Illuminate\Database\Connectors\ConnectionFactory->createSingleConnection(Array)
#4 /var/www/html/bwcms/vendor/laravel/framework/src/Illuminate/Database/DatabaseManager.php(175): Illuminate\Database\Connectors\ConnectionFactory->make(Array, 'mysql')
#5 /var/www/html/bwcms/vendor/laravel/framework/src/Illuminate/Database/DatabaseManager.php(67): Illuminate\Database\DatabaseManager->makeConnection('mysql')
#6 /var/www/html/bwcms/vendor/laravel/framework/src/Illuminate/Database/Eloquent/Model.php(3142): Illuminate\Database\DatabaseManager->connection('mysql')
#7 /var/www/html/bwcms/vendor/laravel/framework/src/Illuminate/Database/Eloquent/Model.php(3108): Illuminate\Database\Eloquent\Model::resolveConnection(NULL)
#8 /var/www/html/bwcms/vendor/laravel/framework/src/Illuminate/Database/Eloquent/Model.php(1856): Illuminate\Database\Eloquent\Model->getConnection()
#9 /var/www/html/bwcms/vendor/laravel/framework/src/Illuminate/Database/Eloquent/Model.php(1799): Illuminate\Database\Eloquent\Model->newBaseQueryBuilder()
#10 /var/www/html/bwcms/vendor/laravel/framework/src/Illuminate/Database/Eloquent/Model.php(1773): Illuminate\Database\Eloquent\Model->newQueryWithoutScopes()
#11 /var/www/html/bwcms/vendor/laravel/framework/src/Illuminate/Auth/EloquentUserProvider.php(61): Illuminate\Database\Eloquent\Model->newQuery()
#12 /var/www/html/bwcms/vendor/laravel/framework/src/Illuminate/Auth/Guard.php(226): Illuminate\Auth\EloquentUserProvider->retrieveByToken('9', 'd5ILOk1u7b6aCvf...')
#13 /var/www/html/bwcms/vendor/laravel/framework/src/Illuminate/Auth/Guard.php(177): Illuminate\Auth\Guard->getUserByRecaller('9|d5ILOk1u7b6aC...')
#14 /var/www/html/bwcms/vendor/laravel/framework/src/Illuminate/Auth/Guard.php(120): Illuminate\Auth\Guard->user()
#15 /var/www/html/bwcms/app/Http/Middleware/LogoutIfSessionExpired.php(24): Illuminate\Auth\Guard->check()
#16 [internal function]: App\Http\Middleware\LogoutIfSessionExpired->handle(Object(Illuminate\Http\Request), Object(Closure))
#17 /var/www/html/bwcms/vendor/laravel/framework/src/Illuminate/Pipeline/Pipeline.php(127): call_user_func_array(Array, Array)
#18 /var/www/html/bwcms/vendor/laravel/framework/src/Illuminate/Foundation/Http/Middleware/VerifyCsrfToken.php(50): Illuminate\Pipeline\Pipeline->Illuminate\Pipeline\{closure}(Object(Illuminate\Http\Request))
#19 /var/www/html/bwcms/app/Http/Middleware/VerifyCsrfToken.php(31): Illuminate\Foundation\Http\Middleware\VerifyCsrfToken->handle(Object(Illuminate\Http\Request), Object(Closure))
#20 [internal function]: App\Http\Middleware\VerifyCsrfToken->handle(Object(Illuminate\Http\Request), Object(Closure))
#21 /var/www/html/bwcms/vendor/laravel/framework/src/Illuminate/Pipeline/Pipeline.php(127): call_user_func_array(Array, Array)
#22 /var/www/html/bwcms/vendor/laravel/framework/src/Illuminate/View/Middleware/ShareErrorsFromSession.php(54): Illuminate\Pipeline\Pipeline->Illuminate\Pipeline\{closure}(Object(Illuminate\Http\Request))
#23 [internal function]: Illuminate\View\Middleware\ShareErrorsFromSession->handle(Object(Illuminate\Http\Request), Object(Closure))
#24 /var/www/html/bwcms/vendor/laravel/framework/src/Illuminate/Pipeline/Pipeline.php(127): call_user_func_array(Array, Array)
#25 /var/www/html/bwcms/vendor/laravel/framework/src/Illuminate/Session/Middleware/StartSession.php(62): Illuminate\Pipeline\Pipeline->Illuminate\Pipeline\{closure}(Object(Illuminate\Http\Request))
#26 [internal function]: Illuminate\Session\Middleware\StartSession->handle(Object(Illuminate\Http\Request), Object(Closure))
#27 /var/www/html/bwcms/vendor/laravel/framework/src/Illuminate/Pipeline/Pipeline.php(127): call_user_func_array(Array, Array)
#28 /var/www/html/bwcms/vendor/laravel/framework/src/Illuminate/Cookie/Middleware/AddQueuedCookiesToResponse.php(37): Illuminate\Pipeline\Pipeline->Illuminate\Pipeline\{closure}(Object(Illuminate\Http\Request))
#29 [internal function]: Illuminate\Cookie\Middleware\AddQueuedCookiesToResponse->handle(Object(Illuminate\Http\Request), Object(Closure))
#30 /var/www/html/bwcms/vendor/laravel/framework/src/Illuminate/Pipeline/Pipeline.php(127): call_user_func_array(Array, Array)
#31 /var/www/html/bwcms/vendor/laravel/framework/src/Illuminate/Cookie/Middleware/EncryptCookies.php(59): Illuminate\Pipeline\Pipeline->Illuminate\Pipeline\{closure}(Object(Illuminate\Http\Request))
#32 [internal function]: Illuminate\Cookie\Middleware\EncryptCookies->handle(Object(Illuminate\Http\Request), Object(Closure))
#33 /var/www/html/bwcms/vendor/laravel/framework/src/Illuminate/Pipeline/Pipeline.php(127): call_user_func_array(Array, Array)
#34 /var/www/html/bwcms/vendor/laravel/framework/src/Illuminate/Foundation/Http/Middleware/CheckForMaintenanceMode.php(42): Illuminate\Pipeline\Pipeline->Illuminate\Pipeline\{closure}(Object(Illuminate\Http\Request))
#35 [internal function]: Illuminate\Foundation\Http\Middleware\CheckForMaintenanceMode->handle(Object(Illuminate\Http\Request), Object(Closure))
#36 /var/www/html/bwcms/vendor/laravel/framework/src/Illuminate/Pipeline/Pipeline.php(127): call_user_func_array(Array, Array)
#37 [internal function]: Illuminate\Pipeline\Pipeline->Illuminate\Pipeline\{closure}(Object(Illuminate\Http\Request))
#38 /var/www/html/bwcms/vendor/laravel/framework/src/Illuminate/Pipeline/Pipeline.php(105): call_user_func(Object(Closure), Object(Illuminate\Http\Request))
#39 /var/www/html/bwcms/vendor/laravel/framework/src/Illuminate/Foundation/Http/Kernel.php(118): Illuminate\Pipeline\Pipeline->then(Object(Closure))
#40 /var/www/html/bwcms/vendor/laravel/framework/src/Illuminate/Foundation/Http/Kernel.php(86): Illuminate\Foundation\Http\Kernel->sendRequestThroughRouter(Object(Illuminate\Http\Request))
#41 /var/www/html/bwcms/public/index.php(52): Illuminate\Foundation\Http\Kernel->handle(Object(Illuminate\Http\Request))
#42 {main}  
